/home/postgres/b4/src/com/commander4j/app/JInternalFrameLocationAdmin.java:239:7:"FROMの省略は未サポートです。"
/home/postgres/b4/src/com/commander4j/app/JInternalFrameLocationAdmin.java:248:7:"FROMの省略は未サポートです。"
/home/postgres/b4/src/com/commander4j/app/JInternalFrameMHNAdmin.java:252:7:"FROMの省略は未サポートです。"
/home/postgres/b4/src/com/commander4j/app/JInternalFrameMHNAdmin.java:261:7:"FROMの省略は未サポートです。"
/home/postgres/b4/src/com/commander4j/app/JInternalFrameMHNAdmin.java:1115:7:"FROMの省略は未サポートです。"
/home/postgres/b4/src/com/commander4j/app/JInternalFrameMaterialAdmin.java:208:7:"FROMの省略は未サポートです。"
/home/postgres/b4/src/com/commander4j/app/JInternalFrameMaterialAdmin.java:217:7:"FROMの省略は未サポートです。"
/home/postgres/b4/src/com/commander4j/app/JInternalFrameMaterialUomAdmin.java:230:7:"FROMの省略は未サポートです。"
/home/postgres/b4/src/com/commander4j/app/JInternalFrameMaterialUomAdmin.java:240:7:"FROMの省略は未サポートです。"
/home/postgres/b4/src/com/commander4j/app/JInternalFrameProcessOrderAdmin.java:238:7:"FROMの省略は未サポートです。"
/home/postgres/b4/src/com/commander4j/app/JInternalFrameQMInspectionAdmin.java:449:7:"FROMの省略は未サポートです。"
/home/postgres/b4/src/com/commander4j/app/JInternalFrameQMInspectionAdmin.java:466:7:"FROMの省略は未サポートです。"
/home/postgres/b4/src/com/commander4j/app/JInternalFrameQMInspectionAdmin.java:485:7:"FROMの省略は未サポートです。"
/home/postgres/b4/src/com/commander4j/cfg/JFrameHostAdmin.java:531:7:"FROMの省略は未サポートです。"
/home/postgres/b4/src/com/commander4j/db/JDBDespatch.java:428:7:"FROMの省略は未サポートです。"
/home/postgres/b4/src/com/commander4j/interfaces/JInternalFrameInterfaceAdmin.java:196:7:"FROMの省略は未サポートです。"
/home/postgres/b4/src/com/commander4j/interfaces/JInternalFrameInterfaceAdmin.java:206:7:"FROMの省略は未サポートです。"
/home/postgres/b4/src/com/commander4j/interfaces/JInternalFrameInterfaceLog.java:336:7:"FROMの省略は未サポートです。"
/home/postgres/b4/src/com/commander4j/interfaces/JInternalFrameInterfaceRequestAdmin.java:164:7:"FROMの省略は未サポートです。"
/home/postgres/b4/src/com/commander4j/sys/JInternalFrameControlAdmin.java:237:7:"FROMの省略は未サポートです。"
/home/postgres/b4/src/com/commander4j/sys/JInternalFrameGroupAdmin.java:78:7:"FROMの省略は未サポートです。"
/home/postgres/b4/src/com/commander4j/sys/JInternalFrameLanguageAdmin.java:427:7:"FROMの省略は未サポートです。"
/home/postgres/b4/src/com/commander4j/sys/JInternalFrameModuleAdmin.java:109:7:"FROMの省略は未サポートです。"
/home/postgres/b4/src/com/commander4j/sys/JInternalFrameUserAdmin.java:102:7:"FROMの省略は未サポートです。"
